<?xml version="1.0" encoding="UTF-8"?>
<!-- Generated by org.testng.reporters.JUnitReportReporter -->
<testsuite hostname="IZDT-259" failures="0" tests="1" name="basicPrograms.prgm2" time="2.143" errors="0" timestamp="2024-09-13T10:30:27 IST" skipped="0">
  <testcase classname="basicPrograms.prgm2" name="jsonValidation" time="2.143"/>
</testsuite> <!-- basicPrograms.prgm2 -->
